#
# A fatal error has been detected by the Java Runtime Environment:
#
#  EXCEPTION_ACCESS_VIOLATION (0xc0000005) at pc=0x02434d1d, pid=5772, tid=6584
#
# JRE version: Java(TM) SE Runtime Environment (8.0_51-b16) (build 1.8.0_51-b16)
# Java VM: Java HotSpot(TM) Client VM (25.51-b03 mixed mode windows-x86 )
# Problematic frame:
# v  ~BufferBlob::jni_fast_GetLongField
#
# Failed to write core dump. Minidumps are not enabled by default on client versions of Windows
#
# If you would like to submit a bug report, please visit:
#   http://bugreport.java.com/bugreport/crash.jsp
# The crash happened outside the Java Virtual Machine in native code.
# See problematic frame for where to report the bug.
#

---------------  T H R E A D  ---------------

Current thread (0x022db800):  JavaThread "main" [_thread_in_native, id=6584, stack(0x02140000,0x02190000)]

siginfo: ExceptionCode=0xc0000005, reading address 0x00000000

Registers:
EAX=0x00000000, EBX=0x6d56d6c0, ECX=0x00000000, EDX=0x00000000
ESP=0x0218f144, EBP=0x0218f180, ESI=0x00000022, EDI=0x00000000
EIP=0x02434d1d, EFLAGS=0x00010246

Top of Stack: (sp=0x0218f144)
0x0218f144:   022db940 6d3dc4fc 022db940 00000000
0x0218f154:   00000022 905adae4 00000000 022db940
0x0218f164:   6d56d6c0 0218f158 0218ebbc 0218f964
0x0218f174:   6d4d768e ff17affc 00000000 0218f838
0x0218f184:   14d7358c 022db940 00000000 00000022
0x0218f194:   022db800 146c9728 0218f838 146c9728
0x0218f1a4:   00000000 0107af20 010b7c60 00d80000
0x0218f1b4:   00d80000 01096880 00000005 0109689c 

Instructions: (pc=0x02434d1d)
0x02434cfd:   00 00 00 56 8b 0d 98 c5 59 6d f6 c1 01 0f 85 32
0x02434d0d:   00 00 00 8b c1 83 e0 01 8b 54 04 0c 8b 74 24 10
0x02434d1d:   8b 12 c1 ee 02 8b 04 32 8b 54 32 04 be 98 c5 59
0x02434d2d:   6d 33 f2 33 f0 33 f2 33 f0 3b 0e 0f 85 04 00 00 


Register to memory mapping:

EAX=0x00000000 is an unknown value
EBX=0x6d56d6c0 is an unknown value
ECX=0x00000000 is an unknown value
EDX=0x00000000 is an unknown value
ESP=0x0218f144 is pointing into the stack for thread: 0x022db800
EBP=0x0218f180 is pointing into the stack for thread: 0x022db800
ESI=0x00000022 is an unknown value
EDI=0x00000000 is an unknown value


Stack: [0x02140000,0x02190000],  sp=0x0218f144,  free space=316k
Native frames: (J=compiled Java code, j=interpreted, Vv=VM code, C=native code)
v  ~BufferBlob::jni_fast_GetLongField
C  [Jpcap.dll+0x358c]
j  jpcapproject.JpCapProject.main([Ljava/lang/String;)V+351
v  ~StubRoutines::call_stub
V  [jvm.dll+0x155dc5]
V  [jvm.dll+0x21b31e]
V  [jvm.dll+0x155e5e]
V  [jvm.dll+0xdad37]
V  [jvm.dll+0xe32df]
C  [java.exe+0x228d]
C  [java.exe+0xae0f]
C  [java.exe+0xae99]
C  [KERNEL32.DLL+0x18e94]
C  [ntdll.dll+0x5e972]
C  [ntdll.dll+0x5e941]
C  0x00000000

Java frames: (J=compiled Java code, j=interpreted, Vv=VM code)
j  jpcap.JpcapWriter.writePacket(Ljpcap/packet/Packet;)V+0
j  jpcapproject.JpCapProject.main([Ljava/lang/String;)V+351
v  ~StubRoutines::call_stub

---------------  P R O C E S S  ---------------

Java Threads: ( => current thread )
  0x14974800 JavaThread "Service Thread" daemon [_thread_blocked, id=2940, stack(0x14cd0000,0x14d20000)]
  0x14978c00 JavaThread "C1 CompilerThread0" daemon [_thread_blocked, id=5300, stack(0x14c80000,0x14cd0000)]
  0x14977c00 JavaThread "Attach Listener" daemon [_thread_blocked, id=3804, stack(0x14c30000,0x14c80000)]
  0x14975c00 JavaThread "Signal Dispatcher" daemon [_thread_blocked, id=5272, stack(0x14be0000,0x14c30000)]
  0x14945800 JavaThread "Finalizer" daemon [_thread_blocked, id=5740, stack(0x14b90000,0x14be0000)]
  0x023de800 JavaThread "Reference Handler" daemon [_thread_blocked, id=7124, stack(0x14b40000,0x14b90000)]
=>0x022db800 JavaThread "main" [_thread_in_native, id=6584, stack(0x02140000,0x02190000)]

Other Threads:
  0x023dbc00 VMThread [stack: 0x148f0000,0x14940000] [id=1652]
  0x14975400 WatcherThread [stack: 0x14d20000,0x14d70000] [id=7720]

VM state:not at safepoint (normal execution)

VM Mutex/Monitor currently owned by a thread: None

Heap:
 def new generation   total 4928K, used 998K [0x04400000, 0x04950000, 0x09950000)
  eden space 4416K,  22% used [0x04400000, 0x044f9af0, 0x04850000)
  from space 512K,   0% used [0x04850000, 0x04850000, 0x048d0000)
  to   space 512K,   0% used [0x048d0000, 0x048d0000, 0x04950000)
 tenured generation   total 10944K, used 0K [0x09950000, 0x0a400000, 0x14400000)
   the space 10944K,   0% used [0x09950000, 0x09950000, 0x09950200, 0x0a400000)
 Metaspace       used 1904K, capacity 2284K, committed 2368K, reserved 4480K

Card table byte_map: [0x14400000,0x14490000] byte_map_base: 0x143de000

Polling page: 0x021b0000

CodeCache: size=32768Kb used=704Kb max_used=704Kb free=32063Kb
 bounds [0x023e0000, 0x02498000, 0x043e0000]
 total_blobs=173 nmethods=29 adapters=75
 compilation: enabled

Compilation events (10 events):
Event: 0.325 Thread 0x14978c00   25             java.lang.String::length (6 bytes)
Event: 0.325 Thread 0x14978c00 nmethod 25 0x0248dd08 code [0x0248de00, 0x0248de90]
Event: 0.328 Thread 0x14978c00   26             java.lang.String::replace (127 bytes)
Event: 0.329 Thread 0x14978c00 nmethod 26 0x0248e048 code [0x0248e160, 0x0248e3e0]
Event: 0.345 Thread 0x14978c00   27             java.lang.String::startsWith (72 bytes)
Event: 0.345 Thread 0x14978c00 nmethod 27 0x0248eb88 code [0x0248ec90, 0x0248edc0]
Event: 0.346 Thread 0x14978c00   28             java.lang.String$CaseInsensitiveComparator::compare (111 bytes)
Event: 0.347 Thread 0x14978c00 nmethod 28 0x0248ef08 code [0x0248f0a0, 0x0248f3c8]
Event: 0.347 Thread 0x14978c00   29             java.io.WinNTFileSystem::normalize (143 bytes)
Event: 0.347 Thread 0x14978c00 nmethod 29 0x0248f9c8 code [0x0248fb10, 0x0248fd7c]

GC Heap History (0 events):
No events

Deoptimization events (0 events):
No events

Internal exceptions (2 events):
Event: 0.038 Thread 0x022db800 Exception <a 'java/lang/NoSuchMethodError': Method sun.misc.Unsafe.defineClass(Ljava/lang/String;[BII)Ljava/lang/Class; name or signature does not match> (0x0440b4e8) thrown at [C:\re\workspace\8-2-build-windows-i586-cygwin\jdk8u51\3951\hotspot\src\share\vr"`¸•‡£?
Event: 0.038 Thread 0x022db800 Exception <a 'java/lang/NoSuchMethodError': Method sun.misc.Unsafe.prefetchRead(Ljava/lang/Object;J)V name or signature does not match> (0x0440b768) thrown at [C:\re\workspace\8-2-build-windows-i586-cygwin\jdk8u51\3951\hotspot\src\share\vm\prims\jni.cpp, l

Events (10 events):
Event: 0.333 loading class jpcap/packet/UDPPacket
Event: 0.333 loading class jpcap/packet/UDPPacket done
Event: 0.334 loading class jpcap/packet/ICMPPacket
Event: 0.334 loading class jpcap/packet/ICMPPacket done
Event: 0.335 loading class jpcap/packet/IPv6Option
Event: 0.335 loading class jpcap/packet/IPv6Option done
Event: 0.335 loading class jpcap/packet/ARPPacket
Event: 0.335 loading class jpcap/packet/ARPPacket done
Event: 0.345 loading class jpcap/JpcapWriter
Event: 0.345 loading class jpcap/JpcapWriter done


Dynamic libraries:
0x00140000 - 0x00173000 	C:\Program Files\Java\jdk1.8.0_51\bin\java.exe
0x779f0000 - 0x77b75000 	C:\WINDOWS\SYSTEM32\ntdll.dll
0x76000000 - 0x76096000 	C:\WINDOWS\System32\KERNEL32.DLL
0x745a0000 - 0x74746000 	C:\WINDOWS\System32\KERNELBASE.dll
0x72e70000 - 0x72f02000 	C:\WINDOWS\system32\apphelp.dll
0x75f80000 - 0x75ff7000 	C:\WINDOWS\System32\ADVAPI32.dll
0x775f0000 - 0x776ae000 	C:\WINDOWS\System32\msvcrt.dll
0x77800000 - 0x77841000 	C:\WINDOWS\System32\sechost.dll
0x77920000 - 0x779e3000 	C:\WINDOWS\System32\RPCRT4.dll
0x759e0000 - 0x75b29000 	C:\WINDOWS\System32\USER32.dll
0x74a80000 - 0x74a99000 	C:\WINDOWS\System32\win32u.dll
0x75df0000 - 0x75e1b000 	C:\WINDOWS\System32\GDI32.dll
0x74880000 - 0x749da000 	C:\WINDOWS\System32\gdi32full.dll
0x6a840000 - 0x6aa4a000 	C:\WINDOWS\WinSxS\x86_microsoft.windows.common-controls_6595b64144ccf1df_6.0.14393.0_none_74bc87d3d22d9abe\COMCTL32.dll
0x75350000 - 0x75561000 	C:\WINDOWS\System32\combase.dll
0x747a0000 - 0x74880000 	C:\WINDOWS\System32\ucrtbase.dll
0x750d0000 - 0x7512a000 	C:\WINDOWS\System32\bcryptPrimitives.dll
0x752d0000 - 0x752f6000 	C:\WINDOWS\System32\IMM32.DLL
0x51cb0000 - 0x51d6f000 	C:\Program Files\Java\jdk1.8.0_51\jre\bin\msvcr100.dll
0x6d220000 - 0x6d5e0000 	C:\Program Files\Java\jdk1.8.0_51\jre\bin\client\jvm.dll
0x776b0000 - 0x776b6000 	C:\WINDOWS\System32\PSAPI.DLL
0x5c2a0000 - 0x5c2a8000 	C:\WINDOWS\SYSTEM32\WSOCK32.dll
0x6f180000 - 0x6f188000 	C:\WINDOWS\SYSTEM32\VERSION.dll
0x6f190000 - 0x6f1b4000 	C:\WINDOWS\SYSTEM32\WINMM.dll
0x77850000 - 0x778b3000 	C:\WINDOWS\System32\WS2_32.dll
0x6f150000 - 0x6f173000 	C:\WINDOWS\SYSTEM32\WINMMBASE.dll
0x74aa0000 - 0x74ad6000 	C:\WINDOWS\System32\cfgmgr32.dll
0x5e990000 - 0x5e99c000 	C:\Program Files\Java\jdk1.8.0_51\jre\bin\verify.dll
0x59160000 - 0x59181000 	C:\Program Files\Java\jdk1.8.0_51\jre\bin\java.dll
0x5e910000 - 0x5e923000 	C:\Program Files\Java\jdk1.8.0_51\jre\bin\zip.dll
0x76210000 - 0x775e7000 	C:\WINDOWS\System32\SHELL32.dll
0x74ae0000 - 0x7504e000 	C:\WINDOWS\System32\windows.storage.dll
0x74530000 - 0x74575000 	C:\WINDOWS\System32\powrprof.dll
0x75300000 - 0x75346000 	C:\WINDOWS\System32\shlwapi.dll
0x74520000 - 0x7452d000 	C:\WINDOWS\System32\kernel.appcore.dll
0x75c20000 - 0x75ca8000 	C:\WINDOWS\System32\shcore.dll
0x74590000 - 0x7459f000 	C:\WINDOWS\System32\profapi.dll
0x14d70000 - 0x14d98000 	C:\Windows\System32\Jpcap.dll
0x14da0000 - 0x14dec000 	C:\WINDOWS\SYSTEM32\wpcap.dll
0x73ba0000 - 0x73bcf000 	C:\WINDOWS\SYSTEM32\iphlpapi.dll
0x14df0000 - 0x14e08000 	C:\WINDOWS\SYSTEM32\packet.dll
0x75e20000 - 0x75e27000 	C:\WINDOWS\System32\NSI.dll
0x702b0000 - 0x702c3000 	C:\WINDOWS\SYSTEM32\dhcpcsvc6.DLL
0x70500000 - 0x70514000 	C:\WINDOWS\SYSTEM32\dhcpcsvc.DLL
0x5e810000 - 0x5e825000 	C:\Program Files\Java\jdk1.8.0_51\jre\bin\net.dll
0x73d90000 - 0x73de0000 	C:\WINDOWS\system32\mswsock.dll
0x70650000 - 0x70795000 	C:\WINDOWS\SYSTEM32\dbghelp.dll

VM Arguments:
jvm_args: -Dfile.encoding=UTF-8 
java_command: jpcapproject.JpCapProject
java_class_path (initial): C:\Program Files\Java\jdk1.8.0_51\jre\lib\ext\jpcap.jar;C:\Users\Arjun Kumar\Documents\NetBeansProjects\JpCapProject\build\classes
Launcher Type: SUN_STANDARD

Environment Variables:
PATH=C:\ProgramData\Oracle\Java\javapath;C:\WINDOWS\system32;C:\WINDOWS;C:\WINDOWS\System32\Wbem;C:\WINDOWS\System32\WindowsPowerShell\v1.0\;C:\Program Files\Brackets\command;C:\Users\Arjun Kumar\AppData\Local\Microsoft\WindowsApps;
USERNAME=Arjun Kumar
OS=Windows_NT
PROCESSOR_IDENTIFIER=x86 Family 6 Model 42 Stepping 7, GenuineIntel



---------------  S Y S T E M  ---------------

OS: Windows 10.0 Build 14393 (10.0.14393.0)

CPU:total 4 (2 cores per cpu, 2 threads per core) family 6 model 42 stepping 7, cmov, cx8, fxsr, mmx, sse, sse2, sse3, ssse3, sse4.1, sse4.2, popcnt, avx, aes, clmul, ht, tsc, tscinvbit

Memory: 4k page, physical 3090284k(1012192k free), swap 4401004k(2089472k free)

vm_info: Java HotSpot(TM) Client VM (25.51-b03) for windows-x86 JRE (1.8.0_51-b16), built on Jun  8 2015 18:00:23 by "java_re" with MS VC++ 10.0 (VS2010)

time: Thu Oct 06 18:44:59 2016
elapsed time: 0 seconds (0d 0h 0m 0s)

